[18/Sep/2021:14:54:59 +0000] "GET /load HTTP/1.1" 200 312 "-" "PostmanRuntime/7.26.8"
[18/Sep/2021:14:56:02 +0000] "GET /load HTTP/1.1" 200 312 "-" "PostmanRuntime/7.26.8"
[18/Sep/2021:14:56:06 +0000] "GET /load HTTP/1.1" 200 312 "-" "PostmanRuntime/7.26.8"
[18/Sep/2021:14:56:12 +0000] "POST /save HTTP/1.1" 200 11 "-" "PostmanRuntime/7.26.8"
[18/Sep/2021:14:57:52 +0000] "GET /load HTTP/1.1" 200 312 "-" "PostmanRuntime/7.26.8"
[18/Sep/2021:15:00:53 +0000] "GET /load HTTP/1.1" 200 312 "-" "PostmanRuntime/7.26.8"
[19/Sep/2021:08:36:57 +0000] "GET / HTTP/1.1" 200 49 "-" "Mozilla/5.0 (Windows NT 10.0; Win64; x64) AppleWebKit/537.36 (KHTML, like Gecko) Chrome/93.0.4577.82 Safari/537.36"
[19/Sep/2021:08:36:58 +0000] "GET /favicon.ico HTTP/1.1" 404 150 "http://localhost:3000/" "Mozilla/5.0 (Windows NT 10.0; Win64; x64) AppleWebKit/537.36 (KHTML, like Gecko) Chrome/93.0.4577.82 Safari/537.36"
[19/Sep/2021:08:46:27 +0000] "GET / HTTP/1.1" 200 699 "-" "Mozilla/5.0 (Windows NT 10.0; Win64; x64) AppleWebKit/537.36 (KHTML, like Gecko) Chrome/93.0.4577.82 Safari/537.36"
[19/Sep/2021:08:49:12 +0000] "GET / HTTP/1.1" 200 797 "-" "Mozilla/5.0 (Windows NT 10.0; Win64; x64) AppleWebKit/537.36 (KHTML, like Gecko) Chrome/93.0.4577.82 Safari/537.36"
[19/Sep/2021:08:52:07 +0000] "GET / HTTP/1.1" 200 1041 "-" "Mozilla/5.0 (Windows NT 10.0; Win64; x64) AppleWebKit/537.36 (KHTML, like Gecko) Chrome/93.0.4577.82 Safari/537.36"
[19/Sep/2021:08:53:33 +0000] "GET / HTTP/1.1" 200 1075 "-" "Mozilla/5.0 (Windows NT 10.0; Win64; x64) AppleWebKit/537.36 (KHTML, like Gecko) Chrome/93.0.4577.82 Safari/537.36"
[19/Sep/2021:08:55:45 +0000] "GET / HTTP/1.1" 200 1086 "-" "Mozilla/5.0 (Windows NT 10.0; Win64; x64) AppleWebKit/537.36 (KHTML, like Gecko) Chrome/93.0.4577.82 Safari/537.36"
[19/Sep/2021:08:56:17 +0000] "GET / HTTP/1.1" 200 1086 "-" "Mozilla/5.0 (Windows NT 10.0; Win64; x64) AppleWebKit/537.36 (KHTML, like Gecko) Chrome/93.0.4577.82 Safari/537.36"
[19/Sep/2021:08:57:17 +0000] "GET / HTTP/1.1" 200 1079 "-" "Mozilla/5.0 (Windows NT 10.0; Win64; x64) AppleWebKit/537.36 (KHTML, like Gecko) Chrome/93.0.4577.82 Safari/537.36"
[19/Sep/2021:08:58:51 +0000] "GET / HTTP/1.1" 200 1089 "-" "Mozilla/5.0 (Windows NT 10.0; Win64; x64) AppleWebKit/537.36 (KHTML, like Gecko) Chrome/93.0.4577.82 Safari/537.36"
[19/Sep/2021:08:59:38 +0000] "GET / HTTP/1.1" 200 1089 "-" "Mozilla/5.0 (Windows NT 10.0; Win64; x64) AppleWebKit/537.36 (KHTML, like Gecko) Chrome/93.0.4577.82 Safari/537.36"
[19/Sep/2021:09:00:53 +0000] "GET / HTTP/1.1" 200 1079 "-" "Mozilla/5.0 (Windows NT 10.0; Win64; x64) AppleWebKit/537.36 (KHTML, like Gecko) Chrome/93.0.4577.82 Safari/537.36"
[19/Sep/2021:09:02:03 +0000] "GET / HTTP/1.1" 200 1083 "-" "Mozilla/5.0 (Windows NT 10.0; Win64; x64) AppleWebKit/537.36 (KHTML, like Gecko) Chrome/93.0.4577.82 Safari/537.36"
[19/Sep/2021:09:02:28 +0000] "GET / HTTP/1.1" 200 1074 "-" "Mozilla/5.0 (Windows NT 10.0; Win64; x64) AppleWebKit/537.36 (KHTML, like Gecko) Chrome/93.0.4577.82 Safari/537.36"
[19/Sep/2021:09:02:45 +0000] "GET / HTTP/1.1" 200 1079 "-" "Mozilla/5.0 (Windows NT 10.0; Win64; x64) AppleWebKit/537.36 (KHTML, like Gecko) Chrome/93.0.4577.82 Safari/537.36"
[19/Sep/2021:09:02:53 +0000] "GET / HTTP/1.1" 304 - "-" "Mozilla/5.0 (Windows NT 10.0; Win64; x64) AppleWebKit/537.36 (KHTML, like Gecko) Chrome/93.0.4577.82 Safari/537.36"
[19/Sep/2021:09:03:16 +0000] "GET / HTTP/1.1" 200 1074 "-" "Mozilla/5.0 (Windows NT 10.0; Win64; x64) AppleWebKit/537.36 (KHTML, like Gecko) Chrome/93.0.4577.82 Safari/537.36"
[19/Sep/2021:09:03:49 +0000] "GET / HTTP/1.1" 200 1069 "-" "Mozilla/5.0 (Windows NT 10.0; Win64; x64) AppleWebKit/537.36 (KHTML, like Gecko) Chrome/93.0.4577.82 Safari/537.36"
[19/Sep/2021:09:04:08 +0000] "GET / HTTP/1.1" 200 1064 "-" "Mozilla/5.0 (Windows NT 10.0; Win64; x64) AppleWebKit/537.36 (KHTML, like Gecko) Chrome/93.0.4577.82 Safari/537.36"
[19/Sep/2021:09:04:17 +0000] "GET / HTTP/1.1" 304 - "-" "Mozilla/5.0 (Windows NT 10.0; Win64; x64) AppleWebKit/537.36 (KHTML, like Gecko) Chrome/93.0.4577.82 Safari/537.36"
[19/Sep/2021:09:04:36 +0000] "GET / HTTP/1.1" 304 - "-" "Mozilla/5.0 (Windows NT 10.0; Win64; x64) AppleWebKit/537.36 (KHTML, like Gecko) Chrome/93.0.4577.82 Safari/537.36"
